Arguments: 
  /usr/local/bin/node /usr/local/bin/yarn install

PATH: 
  /opt/homebrew/bin:/opt/homebrew/sbin:/usr/local/bin:/usr/bin:/bin:/usr/sbin:/sbin:/opt/homebrew/bin:/opt/homebrew/sbin

Yarn version: 
  1.22.19

Node version: 
  20.12.0

Platform: 
  darwin arm64

Trace: 
  Error: https://registry.npmjs.org/wx-server-sdk: ETIMEDOUT
      at Timeout._onTimeout (/usr/local/lib/node_modules/yarn/lib/cli.js:141550:19)
      at listOnTimeout (node:internal/timers:573:17)
      at process.processTimers (node:internal/timers:514:7)

npm manifest: 
  {
    "name": "fileParseData",
    "version": "1.0.0",
    "description": "",
    "main": "index.js",
    "scripts": {
      "test": "echo \"Error: no test specified\" && exit 1"
    },
    "author": "",
    "license": "ISC",
    "dependencies": {
      "wx-server-sdk": "~3.0.1"
    }
  }

yarn manifest: 
  No manifest

Lockfile: 
  No lockfile
